#
# A fatal error has been detected by the Java Runtime Environment:
#
#  EXCEPTION_ACCESS_VIOLATION (0xc0000005) at pc=0x00007ff8c5433536, pid=18104, tid=21332
#
# JRE version: Java(TM) SE Runtime Environment (17.0.5+9) (build 17.0.5+9-LTS-191)
# Java VM: Java HotSpot(TM) 64-Bit Server VM (17.0.5+9-LTS-191, mixed mode, sharing, tiered, compressed oops, compressed class ptrs, g1 gc, windows-amd64)
# Problematic frame:
# C  [ntdll.dll+0x63536]
#
# No core dump will be written. Minidumps are not enabled by default on client versions of Windows
#
# If you would like to submit a bug report, please visit:
#   https://bugreport.java.com/bugreport/crash.jsp
# The crash happened outside the Java Virtual Machine in native code.
# See problematic frame for where to report the bug.
#

---------------  S U M M A R Y ------------

Command Line: -agentlib:jdwp=transport=dt_socket,server=n,suspend=y,address=localhost:58365 -XX:+ShowCodeDetailsInExceptionMessages main.Main

Host: AMD Ryzen 7 3800X 8-Core Processor             , 16 cores, 31G,  Windows 10 , 64 bit Build 19041 (10.0.19041.3155)
Time: Mon Jul 31 00:15:18 2023 GMT Summer Time elapsed time: 49.676622 seconds (0d 0h 0m 49s)

---------------  T H R E A D  ---------------

Current thread (0x0000026bf0b0fbe0):  JavaThread "Thread-0" [_thread_in_native, id=21332, stack(0x000000b8b5500000,0x000000b8b5600000)]

Stack: [0x000000b8b5500000,0x000000b8b5600000],  sp=0x000000b8b55fe9e0,  free space=1018k
Native frames: (J=compiled Java code, j=interpreted, Vv=VM code, C=native code)
C  [ntdll.dll+0x63536]
C  [ntdll.dll+0x2fcb4]
C  [ntdll.dll+0x2fae2]
C  0x00007ff870c6fb4c

Java frames: (J=compiled Java code, j=interpreted, Vv=VM code)
j  sun.java2d.d3d.D3DSurfaceData.initOps(III)V+0 java.desktop@17.0.5
j  sun.java2d.d3d.D3DSurfaceData.<init>(Lsun/awt/windows/WComponentPeer;Lsun/java2d/d3d/D3DGraphicsConfig;IILjava/awt/Image;Ljava/awt/image/ColorModel;IILsun/java2d/pipe/hw/ExtendedBufferCapabilities$VSyncType;I)V+212 java.desktop@17.0.5
j  sun.java2d.d3d.D3DSurfaceData.createData(Lsun/java2d/d3d/D3DGraphicsConfig;IILjava/awt/image/ColorModel;Ljava/awt/Image;I)Lsun/java2d/d3d/D3DSurfaceData;+70 java.desktop@17.0.5
j  sun.java2d.d3d.D3DGraphicsConfig.createManagedSurface(III)Lsun/java2d/SurfaceData;+10 java.desktop@17.0.5
j  sun.java2d.d3d.D3DSurfaceDataProxy.validateSurfaceData(Lsun/java2d/SurfaceData;Lsun/java2d/SurfaceData;II)Lsun/java2d/SurfaceData;+22 java.desktop@17.0.5
j  sun.java2d.SurfaceDataProxy.replaceData(Lsun/java2d/SurfaceData;ILsun/java2d/loops/CompositeType;Ljava/awt/Color;)Lsun/java2d/SurfaceData;+191 java.desktop@17.0.5
J 1448 c2 sun.java2d.SurfaceData.getSourceSurfaceData(Ljava/awt/Image;ILsun/java2d/loops/CompositeType;Ljava/awt/Color;)Lsun/java2d/SurfaceData; java.desktop@17.0.5 (110 bytes) @ 0x0000026bcc5bcc9c [0x0000026bcc5bc9c0+0x00000000000002dc]
j  sun.java2d.pipe.DrawImage.renderImageCopy(Lsun/java2d/SunGraphics2D;Ljava/awt/Image;Ljava/awt/Color;IIIIII)Z+24 java.desktop@17.0.5
J 1498 c1 sun.java2d.pipe.DrawImage.copyImage(Lsun/java2d/SunGraphics2D;Ljava/awt/Image;IIIIIILjava/awt/Color;)Z java.desktop@17.0.5 (74 bytes) @ 0x0000026bc539f82c [0x0000026bc539f560+0x00000000000002cc]
J 1497 c1 sun.java2d.pipe.DrawImage.copyImage(Lsun/java2d/SunGraphics2D;Ljava/awt/Image;IIIIIILjava/awt/Color;Ljava/awt/image/ImageObserver;)Z java.desktop@17.0.5 (91 bytes) @ 0x0000026bc53a039c [0x0000026bc539fe00+0x000000000000059c]
J 1754 c1 sun.java2d.pipe.ValidatePipe.copyImage(Lsun/java2d/SunGraphics2D;Ljava/awt/Image;IIIIIILjava/awt/Color;Ljava/awt/image/ImageObserver;)Z java.desktop@17.0.5 (37 bytes) @ 0x0000026bc54356d4 [0x0000026bc5435380+0x0000000000000354]
J 1520 c1 sun.java2d.SunGraphics2D.copyImage(Ljava/awt/Image;IIIIIILjava/awt/Color;Ljava/awt/image/ImageObserver;)Z java.desktop@17.0.5 (107 bytes) @ 0x0000026bc53aac5c [0x0000026bc53aaac0+0x000000000000019c]
J 1407 c1 sun.java2d.SunGraphics2D.drawImage(Ljava/awt/Image;IIIILjava/awt/Color;Ljava/awt/image/ImageObserver;)Z java.desktop@17.0.5 (202 bytes) @ 0x0000026bc53790d4 [0x0000026bc5378840+0x0000000000000894]
J 1406 c1 sun.java2d.SunGraphics2D.drawImage(Ljava/awt/Image;IIIILjava/awt/image/ImageObserver;)Z java.desktop@17.0.5 (15 bytes) @ 0x0000026bc53783e4 [0x0000026bc5378320+0x00000000000000c4]
J 1753 c1 main.GamePanel.drawToScreen()V (30 bytes) @ 0x0000026bc5434e3c [0x0000026bc5434ce0+0x000000000000015c]
J 1352% c2 main.GamePanel.run()V (89 bytes) @ 0x0000026bcc5b5978 [0x0000026bcc5b58e0+0x0000000000000098]
j  java.lang.Thread.run()V+11 java.base@17.0.5
v  ~StubRoutines::call_stub

siginfo: EXCEPTION_ACCESS_VIOLATION (0xc0000005), writing address 0x0000000000000024


Register to memory mapping:

RIP=0x00007ff8c5433536 ntdll.dll
RAX=0x0 is NULL
RBX=0x0000026bebcb2028 points into unknown readable memory: 0x005c006100760061 | 61 00 76 00 61 00 5c 00
RCX=0x0000026bebcb2028 points into unknown readable memory: 0x005c006100760061 | 61 00 76 00 61 00 5c 00
RDX=0x00000000fffffffa is an unknown value
RSP=0x000000b8b55fe9e0 is pointing into the stack for thread: 0x0000026bf0b0fbe0
RBP=0x0000000000010000 is an unknown value
RSI=0x0 is NULL
RDI=0x0 is NULL
R8 =0x0 is NULL
R9 =0x0000026bebcb2000 points into unknown readable memory: 0x0000026bebcf0a60 | 60 0a cf eb 6b 02 00 00
R10=0x0003bf886d5ee0cc is an unknown value
R11=0x0003bf886d5edf46 is an unknown value
R12=0x0 is NULL
R13=0x000000b8b1a28000 points into unknown readable memory: 0x0000000000000000 | 00 00 00 00 00 00 00 00
R14=0x0000000000000001 is an unknown value
R15=0x0 is NULL


Registers:
RAX=0x0000000000000000, RBX=0x0000026bebcb2028, RCX=0x0000026bebcb2028, RDX=0x00000000fffffffa
RSP=0x000000b8b55fe9e0, RBP=0x0000000000010000, RSI=0x0000000000000000, RDI=0x0000000000000000
R8 =0x0000000000000000, R9 =0x0000026bebcb2000, R10=0x0003bf886d5ee0cc, R11=0x0003bf886d5edf46
R12=0x0000000000000000, R13=0x000000b8b1a28000, R14=0x0000000000000001, R15=0x0000000000000000
RIP=0x00007ff8c5433536, EFLAGS=0x0000000000010213

Top of Stack: (sp=0x000000b8b55fe9e0)
0x000000b8b55fe9e0:   ffffffffffffffff 0000026bebcb2028
0x000000b8b55fe9f0:   0000026b00000000 00007ff8898dfb80
0x000000b8b55fea00:   0000026bc49c1242 0000026bec294390
0x000000b8b55fea10:   0000026bbb8402b8 000000b8b55fecc8
0x000000b8b55fea20:   0000026beb214d00 00000000fffffffa
0x000000b8b55fea30:   000000b8b1a28000 000000b8b55fe9e8
0x000000b8b55fea40:   000000b8b55fea29 0000000800000005
0x000000b8b55fea50:   0000026beb214d00 0000000000000000
0x000000b8b55fea60:   00007aceb244ca54 000000b80000000e
0x000000b8b55fea70:   00006d9e2c0cd37e 0000000000000000
0x000000b8b55fea80:   0000026bf0b0fb00 0000000000000001
0x000000b8b55fea90:   0000000000000001 0000000000000001
0x000000b8b55feaa0:   0000000000000000 0000026bebcb2028
0x000000b8b55feab0:   0000000000010000 00007ff8c53ffcb4
0x000000b8b55feac0:   0000026beadabc50 00007ff85ace47e3
0x000000b8b55fead0:   00000000fffffffa 0000000000000000 

Instructions: (pc=0x00007ff8c5433536)
0x00007ff8c5433436:   20 e9 ed fe ff ff 48 89 41 18 e9 e4 fe ff ff cc
0x00007ff8c5433446:   cc cc cc cc cc cc cc cc cc cc 80 3d b1 90 10 00
0x00007ff8c5433456:   00 0f 95 c0 c3 cc cc cc cc cc cc cc cc cc cc cc
0x00007ff8c5433466:   cc cc cc cc cc cc cc cc cc cc 48 83 ec 38 8b 05
0x00007ff8c5433476:   b2 76 10 00 89 44 24 20 e8 41 02 00 00 48 83 c4
0x00007ff8c5433486:   38 c3 cc cc cc cc cc cc cc cc 48 89 5c 24 18 55
0x00007ff8c5433496:   56 57 41 54 41 55 41 56 41 57 48 81 ec a0 00 00
0x00007ff8c54334a6:   00 48 8b 05 62 10 12 00 48 33 c4 48 89 84 24 90
0x00007ff8c54334b6:   00 00 00 65 4c 8b 2c 25 30 00 00 00 48 8d 05 ff
0x00007ff8c54334c6:   30 10 00 40 32 ed 89 54 24 48 33 f6 40 88 6c 24
0x00007ff8c54334d6:   40 4c 89 6c 24 50 48 8b d9 44 8b e6 48 3b c8 0f
0x00007ff8c54334e6:   84 39 01 00 00 40 38 35 16 90 10 00 0f 85 a8 01
0x00007ff8c54334f6:   00 00 39 35 2a 90 10 00 0f 85 6a 01 00 00 40 38
0x00007ff8c5433506:   35 ed 8a 10 00 48 8d 3d ee 8a 10 00 48 0f 45 fe
0x00007ff8c5433516:   48 39 73 18 0f 84 d2 00 00 00 48 8b 03 48 83 f8
0x00007ff8c5433526:   ff 0f 84 d2 00 00 00 44 8b fe 48 83 f8 ff 74 03
0x00007ff8c5433536:   ff 40 24 4c 8b 73 18 4c 8d 2d 84 30 10 00 bd 22
0x00007ff8c5433546:   17 00 00 e8 02 13 fc ff 85 c0 0f 85 b6 b3 05 00
0x00007ff8c5433556:   b9 82 03 fe 7f 80 39 00 0f 85 c4 b3 05 00 49 83
0x00007ff8c5433566:   fe ff 0f 85 52 b4 05 00 4c 8b cf c7 44 24 20 00
0x00007ff8c5433576:   00 00 00 41 b8 04 00 00 00 48 8d 54 24 48 48 8d
0x00007ff8c5433586:   4b 08 e8 37 01 00 00 3d 02 01 00 00 0f 84 3b b4
0x00007ff8c5433596:   05 00 8b 4b 08 89 4c 24 48 f6 c1 02 75 ca 3d 02
0x00007ff8c54335a6:   01 00 00 0f 84 24 b4 05 00 0f b6 6c 24 40 4c 8b
0x00007ff8c54335b6:   6c 24 50 85 c0 0f 88 70 b5 05 00 40 84 ed 75 73
0x00007ff8c54335c6:   48 8b 8c 24 90 00 00 00 48 33 cc e8 7a 8d 02 00
0x00007ff8c54335d6:   48 8b 9c 24 f0 00 00 00 48 81 c4 a0 00 00 00 41
0x00007ff8c54335e6:   5f 41 5e 41 5d 41 5c 5f 5e 5d c3 cc 48 8b cb e8
0x00007ff8c54335f6:   56 05 00 00 e9 21 ff ff ff 8b 4b 20 48 c7 c0 ff
0x00007ff8c5433606:   ff ff ff 48 0f ba e1 18 0f 82 19 ff ff ff 48 8b
0x00007ff8c5433616:   cb e8 24 e2 fa ff 48 8b 03 e9 09 ff ff ff c6 44
0x00007ff8c5433626:   24 40 01 41 c7 85 60 17 00 00 01 00 00 00 e9 b2 


Stack slot to memory mapping:
stack at sp + 0 slots: 0xffffffffffffffff is an unknown value
stack at sp + 1 slots: 0x0000026bebcb2028 points into unknown readable memory: 0x005c006100760061 | 61 00 76 00 61 00 5c 00
stack at sp + 2 slots: 0x0000026b00000000 is an unknown value
stack at sp + 3 slots: 0x00007ff8898dfb80 awt.dll
stack at sp + 4 slots: 0x0000026bc49c1242 is at code_begin+98 in an Interpreter codelet
getstatic  178 getstatic  [0x0000026bc49c11e0, 0x0000026bc49c1660]  1152 bytes
stack at sp + 5 slots: 0x0000026bec294390 points into unknown readable memory: 0x00007ff889893710 | 10 37 89 89 f8 7f 00 00
stack at sp + 6 slots: 0x0000026bbb8402b8 points into unknown readable memory: 0x0006000700050006 | 06 00 05 00 07 00 06 00
stack at sp + 7 slots: 0x000000b8b55fecc8 is pointing into the stack for thread: 0x0000026bf0b0fbe0


---------------  P R O C E S S  ---------------

Threads class SMR info:
_java_thread_list=0x0000026bf0e04790, length=38, elements={
0x0000026bea1e65a0, 0x0000026bea1e7bb0, 0x0000026bea200580, 0x0000026bea202140,
0x0000026bea2092f0, 0x0000026bea229cb0, 0x0000026bea22aa40, 0x0000026bea22c9d0,
0x0000026bea22f3d0, 0x0000026beab99bc0, 0x0000026beab9fc80, 0x0000026beabaa490,
0x0000026beabb0c70, 0x0000026beabb34f0, 0x0000026beadce360, 0x0000026bebca6ce0,
0x0000026bf0bcf940, 0x0000026bf0b0fbe0, 0x0000026bbb951a70, 0x0000026bf0a8bda0,
0x0000026bf0a8cc10, 0x0000026bf0a8a590, 0x0000026bf0a8af30, 0x0000026bf0a8a0c0,
0x0000026bf0a8b400, 0x0000026bf0a8c270, 0x0000026bf0a8c740, 0x0000026bf0a8d0e0,
0x0000026bf0a89720, 0x0000026bec2b2130, 0x0000026bec2b2fa0, 0x0000026bec2b12c0,
0x0000026bec2b2600, 0x0000026bec2b2ad0, 0x0000026bec2b42e0, 0x0000026bec2b1790,
0x0000026bec2b3470, 0x0000026bec2b3e10
}

Java Threads: ( => current thread )
  0x0000026bea1e65a0 JavaThread "Reference Handler" daemon [_thread_blocked, id=19384, stack(0x000000b8b2600000,0x000000b8b2700000)]
  0x0000026bea1e7bb0 JavaThread "Finalizer" daemon [_thread_blocked, id=14584, stack(0x000000b8b2700000,0x000000b8b2800000)]
  0x0000026bea200580 JavaThread "Signal Dispatcher" daemon [_thread_blocked, id=19828, stack(0x000000b8b2800000,0x000000b8b2900000)]
  0x0000026bea202140 JavaThread "Attach Listener" daemon [_thread_blocked, id=17696, stack(0x000000b8b2900000,0x000000b8b2a00000)]
  0x0000026bea2092f0 JavaThread "Service Thread" daemon [_thread_blocked, id=3884, stack(0x000000b8b2a00000,0x000000b8b2b00000)]
  0x0000026bea229cb0 JavaThread "Monitor Deflation Thread" daemon [_thread_blocked, id=21868, stack(0x000000b8b2b00000,0x000000b8b2c00000)]
  0x0000026bea22aa40 JavaThread "C2 CompilerThread0" daemon [_thread_blocked, id=10656, stack(0x000000b8b2c00000,0x000000b8b2d00000)]
  0x0000026bea22c9d0 JavaThread "C1 CompilerThread0" daemon [_thread_blocked, id=7160, stack(0x000000b8b2d00000,0x000000b8b2e00000)]
  0x0000026bea22f3d0 JavaThread "Sweeper thread" daemon [_thread_blocked, id=22868, stack(0x000000b8b2e00000,0x000000b8b2f00000)]
  0x0000026beab99bc0 JavaThread "JDWP Transport Listener: dt_socket" daemon [_thread_blocked, id=27152, stack(0x000000b8b3100000,0x000000b8b3200000)]
  0x0000026beab9fc80 JavaThread "JDWP Event Helper Thread" daemon [_thread_blocked, id=25528, stack(0x000000b8b3200000,0x000000b8b3300000)]
  0x0000026beabaa490 JavaThread "JDWP Command Reader" daemon [_thread_in_native, id=3596, stack(0x000000b8b3300000,0x000000b8b3400000)]
  0x0000026beabb0c70 JavaThread "Notification Thread" daemon [_thread_blocked, id=26752, stack(0x000000b8b3400000,0x000000b8b3500000)]
  0x0000026beabb34f0 JavaThread "Common-Cleaner" daemon [_thread_blocked, id=2792, stack(0x000000b8b3600000,0x000000b8b3700000)]
  0x0000026beadce360 JavaThread "Java2D Disposer" daemon [_thread_blocked, id=11808, stack(0x000000b8b3700000,0x000000b8b3800000)]
  0x0000026bebca6ce0 JavaThread "AWT-Shutdown" [_thread_blocked, id=14408, stack(0x000000b8b3800000,0x000000b8b3900000)]
  0x0000026bf0bcf940 JavaThread "AWT-EventQueue-0" [_thread_blocked, id=6744, stack(0x000000b8b5300000,0x000000b8b5400000)]
=>0x0000026bf0b0fbe0 JavaThread "Thread-0" [_thread_in_native, id=21332, stack(0x000000b8b5500000,0x000000b8b5600000)]
  0x0000026bbb951a70 JavaThread "DestroyJavaVM" [_thread_blocked, id=20228, stack(0x000000b8b1f00000,0x000000b8b2000000)]
  0x0000026bf0a8bda0 JavaThread "Java Sound Event Dispatcher" daemon [_thread_blocked, id=26120, stack(0x000000b8b5600000,0x000000b8b5700000)]
  0x0000026bf0a8cc10 JavaThread "Direct Clip" daemon [_thread_blocked, id=20852, stack(0x000000b8b5900000,0x000000b8b5a00000)]
  0x0000026bf0a8a590 JavaThread "Direct Clip" daemon [_thread_blocked, id=27580, stack(0x000000b8b5c00000,0x000000b8b5d00000)]
  0x0000026bf0a8af30 JavaThread "Direct Clip" daemon [_thread_blocked, id=9604, stack(0x000000b8b5d00000,0x000000b8b5e00000)]
  0x0000026bf0a8a0c0 JavaThread "Direct Clip" daemon [_thread_blocked, id=16516, stack(0x000000b8b5e00000,0x000000b8b5f00000)]
  0x0000026bf0a8b400 JavaThread "Direct Clip" daemon [_thread_blocked, id=11708, stack(0x000000b8b6100000,0x000000b8b6200000)]
  0x0000026bf0a8c270 JavaThread "Direct Clip" daemon [_thread_blocked, id=25012, stack(0x000000b8b6200000,0x000000b8b6300000)]
  0x0000026bf0a8c740 JavaThread "Direct Clip" daemon [_thread_blocked, id=6668, stack(0x000000b8b6300000,0x000000b8b6400000)]
  0x0000026bf0a8d0e0 JavaThread "Direct Clip" daemon [_thread_blocked, id=4392, stack(0x000000b8b2f00000,0x000000b8b3000000)]
  0x0000026bf0a89720 JavaThread "Direct Clip" daemon [_thread_blocked, id=26424, stack(0x000000b8b3000000,0x000000b8b3100000)]
  0x0000026bec2b2130 JavaThread "Direct Clip" daemon [_thread_blocked, id=16444, stack(0x000000b8b6400000,0x000000b8b6500000)]
  0x0000026bec2b2fa0 JavaThread "Direct Clip" daemon [_thread_blocked, id=11476, stack(0x000000b8b6500000,0x000000b8b6600000)]
  0x0000026bec2b12c0 JavaThread "Direct Clip" daemon [_thread_blocked, id=15100, stack(0x000000b8b6600000,0x000000b8b6700000)]
  0x0000026bec2b2600 JavaThread "Direct Clip" daemon [_thread_blocked, id=17600, stack(0x000000b8b6700000,0x000000b8b6800000)]
  0x0000026bec2b2ad0 JavaThread "Direct Clip" daemon [_thread_blocked, id=21372, stack(0x000000b8b6800000,0x000000b8b6900000)]
  0x0000026bec2b42e0 JavaThread "Direct Clip" daemon [_thread_blocked, id=26204, stack(0x000000b8b6900000,0x000000b8b6a00000)]
  0x0000026bec2b1790 JavaThread "Direct Clip" daemon [_thread_blocked, id=10748, stack(0x000000b8b6a00000,0x000000b8b6b00000)]
  0x0000026bec2b3470 JavaThread "Direct Clip" daemon [_thread_blocked, id=16868, stack(0x000000b8b6b00000,0x000000b8b6c00000)]
  0x0000026bec2b3e10 JavaThread "ToolkitShutdown" daemon [_thread_in_native, id=16888, stack(0x000000b8b6d00000,0x000000b8b6e00000)]

Other Threads:
  0x0000026bea1e2210 VMThread "VM Thread" [stack: 0x000000b8b2500000,0x000000b8b2600000] [id=25432]
  0x0000026beab82610 WatcherThread [stack: 0x000000b8b3500000,0x000000b8b3600000] [id=24824]
  0x0000026bbb9fd510 GCTaskThread "GC Thread#0" [stack: 0x000000b8b2000000,0x000000b8b2100000] [id=24148]
  0x0000026bec1704c0 GCTaskThread "GC Thread#1" [stack: 0x000000b8b4800000,0x000000b8b4900000] [id=19308]
  0x0000026bec252d10 GCTaskThread "GC Thread#2" [stack: 0x000000b8b4900000,0x000000b8b4a00000] [id=23148]
  0x0000026bec252fc0 GCTaskThread "GC Thread#3" [stack: 0x000000b8b4a00000,0x000000b8b4b00000] [id=23064]
  0x0000026bec253270 GCTaskThread "GC Thread#4" [stack: 0x000000b8b4b00000,0x000000b8b4c00000] [id=24524]
  0x0000026bec2fa400 GCTaskThread "GC Thread#5" [stack: 0x000000b8b4c00000,0x000000b8b4d00000] [id=24892]
  0x0000026bec2faec0 GCTaskThread "GC Thread#6" [stack: 0x000000b8b4d00000,0x000000b8b4e00000] [id=22096]
  0x0000026bec2fb580 GCTaskThread "GC Thread#7" [stack: 0x000000b8b4e00000,0x000000b8b4f00000] [id=16108]
  0x0000026bec2fb830 GCTaskThread "GC Thread#8" [stack: 0x000000b8b4f00000,0x000000b8b5000000] [id=23140]
  0x0000026bec2fbae0 GCTaskThread "GC Thread#9" [stack: 0x000000b8b5000000,0x000000b8b5100000] [id=9348]
  0x0000026bec2fbd90 GCTaskThread "GC Thread#10" [stack: 0x000000b8b5100000,0x000000b8b5200000] [id=3960]
  0x0000026bec2fc040 GCTaskThread "GC Thread#11" [stack: 0x000000b8b5200000,0x000000b8b5300000] [id=10144]
  0x0000026bbba10400 ConcurrentGCThread "G1 Main Marker" [stack: 0x000000b8b2100000,0x000000b8b2200000] [id=24636]
  0x0000026bbba11e20 ConcurrentGCThread "G1 Conc#0" [stack: 0x000000b8b2200000,0x000000b8b2300000] [id=27556]
  0x0000026bbba2e750 ConcurrentGCThread "G1 Refine#0" [stack: 0x000000b8b2300000,0x000000b8b2400000] [id=18376]
  0x0000026bea11e2f0 ConcurrentGCThread "G1 Service" [stack: 0x000000b8b2400000,0x000000b8b2500000] [id=1008]

Threads with active compile tasks:

VM state: not at safepoint (normal execution)

VM Mutex/Monitor currently owned by a thread: None

Heap address: 0x0000000600c00000, size: 8180 MB, Compressed Oops mode: Zero based, Oop shift amount: 3

CDS archive(s) mapped at: [0x0000000800000000-0x0000000800bd0000-0x0000000800bd0000), size 12386304, SharedBaseAddress: 0x0000000800000000, ArchiveRelocationMode: 0.
Compressed class space mapped at: 0x0000000800c00000-0x0000000840c00000, reserved size: 1073741824
Narrow klass base: 0x0000000800000000, Narrow klass shift: 0, Narrow klass range: 0x100000000

GC Precious Log:
 CPUs: 16 total, 16 available
 Memory: 32716M
 Large Page Support: Disabled
 NUMA Support: Disabled
 Compressed Oops: Enabled (Zero based)
 Heap Region Size: 4M
 Heap Min Capacity: 8M
 Heap Initial Capacity: 512M
 Heap Max Capacity: 8180M
 Pre-touch: Disabled
 Parallel Workers: 13
 Concurrent Workers: 3
 Concurrent Refinement Workers: 13
 Periodic GC: Disabled

Heap:
 garbage-first heap   total 524288K, used 60374K [0x0000000600c00000, 0x0000000800000000)
  region size 4096K, 11 young (45056K), 2 survivors (8192K)
 Metaspace       used 10111K, committed 10368K, reserved 1064960K
  class space    used 988K, committed 1152K, reserved 1048576K

Heap Regions: E=young(eden), S=young(survivor), O=old, HS=humongous(starts), HC=humongous(continues), CS=collection set, F=free, OA=open archive, CA=closed archive, TAMS=top-at-mark-start (previous, next)
|   0|0x0000000600c00000, 0x0000000601000000, 0x0000000601000000|100%|HS|  |TAMS 0x0000000600c00000, 0x0000000600c00000| Complete 
|   1|0x0000000601000000, 0x0000000601400000, 0x0000000601400000|100%|HS|  |TAMS 0x0000000601000000, 0x0000000601000000| Complete 
|   2|0x0000000601400000, 0x0000000601800000, 0x0000000601800000|100%|HS|  |TAMS 0x0000000601400000, 0x0000000601400000| Complete 
|   3|0x0000000601800000, 0x0000000601c00000, 0x0000000601c00000|100%|HC|  |TAMS 0x0000000601800000, 0x0000000601800000| Complete 
|   4|0x0000000601c00000, 0x0000000602000000, 0x0000000602000000|100%|HC|  |TAMS 0x0000000601c00000, 0x0000000601c00000| Complete 
|   5|0x0000000602000000, 0x0000000602400000, 0x0000000602400000|100%|HS|  |TAMS 0x0000000602000000, 0x0000000602000000| Complete 
|   6|0x0000000602400000, 0x0000000602400000, 0x0000000602800000|  0%| F|  |TAMS 0x0000000602400000, 0x0000000602400000| Untracked 
|   7|0x0000000602800000, 0x0000000602800000, 0x0000000602c00000|  0%| F|  |TAMS 0x0000000602800000, 0x0000000602800000| Untracked 
|   8|0x0000000602c00000, 0x0000000602c00000, 0x0000000603000000|  0%| F|  |TAMS 0x0000000602c00000, 0x0000000602c00000| Untracked 
|   9|0x0000000603000000, 0x0000000603000000, 0x0000000603400000|  0%| F|  |TAMS 0x0000000603000000, 0x0000000603000000| Untracked 
|  10|0x0000000603400000, 0x0000000603400000, 0x0000000603800000|  0%| F|  |TAMS 0x0000000603400000, 0x0000000603400000| Untracked 
|  11|0x0000000603800000, 0x0000000603800000, 0x0000000603c00000|  0%| F|  |TAMS 0x0000000603800000, 0x0000000603800000| Untracked 
|  12|0x0000000603c00000, 0x0000000603c00000, 0x0000000604000000|  0%| F|  |TAMS 0x0000000603c00000, 0x0000000603c00000| Untracked 
|  13|0x0000000604000000, 0x0000000604000000, 0x0000000604400000|  0%| F|  |TAMS 0x0000000604000000, 0x0000000604000000| Untracked 
|  14|0x0000000604400000, 0x0000000604400000, 0x0000000604800000|  0%| F|  |TAMS 0x0000000604400000, 0x0000000604400000| Untracked 
|  15|0x0000000604800000, 0x0000000604800000, 0x0000000604c00000|  0%| F|  |TAMS 0x0000000604800000, 0x0000000604800000| Untracked 
|  16|0x0000000604c00000, 0x0000000604c00000, 0x0000000605000000|  0%| F|  |TAMS 0x0000000604c00000, 0x0000000604c00000| Untracked 
|  17|0x0000000605000000, 0x0000000605000000, 0x0000000605400000|  0%| F|  |TAMS 0x0000000605000000, 0x0000000605000000| Untracked 
|  18|0x0000000605400000, 0x0000000605400000, 0x0000000605800000|  0%| F|  |TAMS 0x0000000605400000, 0x0000000605400000| Untracked 
|  19|0x0000000605800000, 0x0000000605800000, 0x0000000605c00000|  0%| F|  |TAMS 0x0000000605800000, 0x0000000605800000| Untracked 
|  20|0x0000000605c00000, 0x0000000605c00000, 0x0000000606000000|  0%| F|  |TAMS 0x0000000605c00000, 0x0000000605c00000| Untracked 
|  21|0x0000000606000000, 0x0000000606000000, 0x0000000606400000|  0%| F|  |TAMS 0x0000000606000000, 0x0000000606000000| Untracked 
|  22|0x0000000606400000, 0x0000000606400000, 0x0000000606800000|  0%| F|  |TAMS 0x0000000606400000, 0x0000000606400000| Untracked 
|  23|0x0000000606800000, 0x0000000606800000, 0x0000000606c00000|  0%| F|  |TAMS 0x0000000606800000, 0x0000000606800000| Untracked 
|  24|0x0000000606c00000, 0x0000000606c00000, 0x0000000607000000|  0%| F|  |TAMS 0x0000000606c00000, 0x0000000606c00000| Untracked 
|  25|0x0000000607000000, 0x0000000607000000, 0x0000000607400000|  0%| F|  |TAMS 0x0000000607000000, 0x0000000607000000| Untracked 
|  26|0x0000000607400000, 0x0000000607400000, 0x0000000607800000|  0%| F|  |TAMS 0x0000000607400000, 0x0000000607400000| Untracked 
|  27|0x0000000607800000, 0x0000000607800000, 0x0000000607c00000|  0%| F|  |TAMS 0x0000000607800000, 0x0000000607800000| Untracked 
|  28|0x0000000607c00000, 0x0000000607c00000, 0x0000000608000000|  0%| F|  |TAMS 0x0000000607c00000, 0x0000000607c00000| Untracked 
|  29|0x0000000608000000, 0x0000000608000000, 0x0000000608400000|  0%| F|  |TAMS 0x0000000608000000, 0x0000000608000000| Untracked 
|  30|0x0000000608400000, 0x0000000608400000, 0x0000000608800000|  0%| F|  |TAMS 0x0000000608400000, 0x0000000608400000| Untracked 
|  31|0x0000000608800000, 0x0000000608800000, 0x0000000608c00000|  0%| F|  |TAMS 0x0000000608800000, 0x0000000608800000| Untracked 
|  32|0x0000000608c00000, 0x0000000608c00000, 0x0000000609000000|  0%| F|  |TAMS 0x0000000608c00000, 0x0000000608c00000| Untracked 
|  33|0x0000000609000000, 0x0000000609000000, 0x0000000609400000|  0%| F|  |TAMS 0x0000000609000000, 0x0000000609000000| Untracked 
|  34|0x0000000609400000, 0x0000000609400000, 0x0000000609800000|  0%| F|  |TAMS 0x0000000609400000, 0x0000000609400000| Untracked 
|  35|0x0000000609800000, 0x0000000609800000, 0x0000000609c00000|  0%| F|  |TAMS 0x0000000609800000, 0x0000000609800000| Untracked 
|  36|0x0000000609c00000, 0x0000000609c00000, 0x000000060a000000|  0%| F|  |TAMS 0x0000000609c00000, 0x0000000609c00000| Untracked 
|  37|0x000000060a000000, 0x000000060a000000, 0x000000060a400000|  0%| F|  |TAMS 0x000000060a000000, 0x000000060a000000| Untracked 
|  38|0x000000060a400000, 0x000000060a400000, 0x000000060a800000|  0%| F|  |TAMS 0x000000060a400000, 0x000000060a400000| Untracked 
|  39|0x000000060a800000, 0x000000060a800000, 0x000000060ac00000|  0%| F|  |TAMS 0x000000060a800000, 0x000000060a800000| Untracked 
|  40|0x000000060ac00000, 0x000000060ac00000, 0x000000060b000000|  0%| F|  |TAMS 0x000000060ac00000, 0x000000060ac00000| Untracked 
|  41|0x000000060b000000, 0x000000060b000000, 0x000000060b400000|  0%| F|  |TAMS 0x000000060b000000, 0x000000060b000000| Untracked 
|  42|0x000000060b400000, 0x000000060b400000, 0x000000060b800000|  0%| F|  |TAMS 0x000000060b400000, 0x000000060b400000| Untracked 
|  43|0x000000060b800000, 0x000000060b800000, 0x000000060bc00000|  0%| F|  |TAMS 0x000000060b800000, 0x000000060b800000| Untracked 
|  44|0x000000060bc00000, 0x000000060bc00000, 0x000000060c000000|  0%| F|  |TAMS 0x000000060bc00000, 0x000000060bc00000| Untracked 
|  45|0x000000060c000000, 0x000000060c000000, 0x000000060c400000|  0%| F|  |TAMS 0x000000060c000000, 0x000000060c000000| Untracked 
|  46|0x000000060c400000, 0x000000060c400000, 0x000000060c800000|  0%| F|  |TAMS 0x000000060c400000, 0x000000060c400000| Untracked 
|  47|0x000000060c800000, 0x000000060c800000, 0x000000060cc00000|  0%| F|  |TAMS 0x000000060c800000, 0x000000060c800000| Untracked 
|  48|0x000000060cc00000, 0x000000060cc00000, 0x000000060d000000|  0%| F|  |TAMS 0x000000060cc00000, 0x000000060cc00000| Untracked 
|  49|0x000000060d000000, 0x000000060d000000, 0x000000060d400000|  0%| F|  |TAMS 0x000000060d000000, 0x000000060d000000| Untracked 
|  50|0x000000060d400000, 0x000000060d400000, 0x000000060d800000|  0%| F|  |TAMS 0x000000060d400000, 0x000000060d400000| Untracked 
|  51|0x000000060d800000, 0x000000060d800000, 0x000000060dc00000|  0%| F|  |TAMS 0x000000060d800000, 0x000000060d800000| Untracked 
|  52|0x000000060dc00000, 0x000000060dc00000, 0x000000060e000000|  0%| F|  |TAMS 0x000000060dc00000, 0x000000060dc00000| Untracked 
|  53|0x000000060e000000, 0x000000060e000000, 0x000000060e400000|  0%| F|  |TAMS 0x000000060e000000, 0x000000060e000000| Untracked 
|  54|0x000000060e400000, 0x000000060e400000, 0x000000060e800000|  0%| F|  |TAMS 0x000000060e400000, 0x000000060e400000| Untracked 
|  55|0x000000060e800000, 0x000000060e800000, 0x000000060ec00000|  0%| F|  |TAMS 0x000000060e800000, 0x000000060e800000| Untracked 
|  56|0x000000060ec00000, 0x000000060ec00000, 0x000000060f000000|  0%| F|  |TAMS 0x000000060ec00000, 0x000000060ec00000| Untracked 
|  57|0x000000060f000000, 0x000000060f000000, 0x000000060f400000|  0%| F|  |TAMS 0x000000060f000000, 0x000000060f000000| Untracked 
|  58|0x000000060f400000, 0x000000060f400000, 0x000000060f800000|  0%| F|  |TAMS 0x000000060f400000, 0x000000060f400000| Untracked 
|  59|0x000000060f800000, 0x000000060f800000, 0x000000060fc00000|  0%| F|  |TAMS 0x000000060f800000, 0x000000060f800000| Untracked 
|  60|0x000000060fc00000, 0x000000060fc00000, 0x0000000610000000|  0%| F|  |TAMS 0x000000060fc00000, 0x000000060fc00000| Untracked 
|  61|0x0000000610000000, 0x0000000610000000, 0x0000000610400000|  0%| F|  |TAMS 0x0000000610000000, 0x0000000610000000| Untracked 
|  62|0x0000000610400000, 0x0000000610400000, 0x0000000610800000|  0%| F|  |TAMS 0x0000000610400000, 0x0000000610400000| Untracked 
|  63|0x0000000610800000, 0x0000000610800000, 0x0000000610c00000|  0%| F|  |TAMS 0x0000000610800000, 0x0000000610800000| Untracked 
|  64|0x0000000610c00000, 0x0000000610c00000, 0x0000000611000000|  0%| F|  |TAMS 0x0000000610c00000, 0x0000000610c00000| Untracked 
|  65|0x0000000611000000, 0x0000000611000000, 0x0000000611400000|  0%| F|  |TAMS 0x0000000611000000, 0x0000000611000000| Untracked 
|  66|0x0000000611400000, 0x0000000611400000, 0x0000000611800000|  0%| F|  |TAMS 0x0000000611400000, 0x0000000611400000| Untracked 
|  67|0x0000000611800000, 0x0000000611800000, 0x0000000611c00000|  0%| F|  |TAMS 0x0000000611800000, 0x0000000611800000| Untracked 
|  68|0x0000000611c00000, 0x0000000611c00000, 0x0000000612000000|  0%| F|  |TAMS 0x0000000611c00000, 0x0000000611c00000| Untracked 
|  69|0x0000000612000000, 0x0000000612000000, 0x0000000612400000|  0%| F|  |TAMS 0x0000000612000000, 0x0000000612000000| Untracked 
|  70|0x0000000612400000, 0x0000000612400000, 0x0000000612800000|  0%| F|  |TAMS 0x0000000612400000, 0x0000000612400000| Untracked 
|  71|0x0000000612800000, 0x0000000612800000, 0x0000000612c00000|  0%| F|  |TAMS 0x0000000612800000, 0x0000000612800000| Untracked 
|  72|0x0000000612c00000, 0x0000000612c00000, 0x0000000613000000|  0%| F|  |TAMS 0x0000000612c00000, 0x0000000612c00000| Untracked 
|  73|0x0000000613000000, 0x0000000613000000, 0x0000000613400000|  0%| F|  |TAMS 0x0000000613000000, 0x0000000613000000| Untracked 
|  74|0x0000000613400000, 0x0000000613400000, 0x0000000613800000|  0%| F|  |TAMS 0x0000000613400000, 0x0000000613400000| Untracked 
|  75|0x0000000613800000, 0x0000000613800000, 0x0000000613c00000|  0%| F|  |TAMS 0x0000000613800000, 0x0000000613800000| Untracked 
|  76|0x0000000613c00000, 0x0000000613c00000, 0x0000000614000000|  0%| F|  |TAMS 0x0000000613c00000, 0x0000000613c00000| Untracked 
|  77|0x0000000614000000, 0x0000000614000000, 0x0000000614400000|  0%| F|  |TAMS 0x0000000614000000, 0x0000000614000000| Untracked 
|  78|0x0000000614400000, 0x0000000614400000, 0x0000000614800000|  0%| F|  |TAMS 0x0000000614400000, 0x0000000614400000| Untracked 
|  79|0x0000000614800000, 0x0000000614800000, 0x0000000614c00000|  0%| F|  |TAMS 0x0000000614800000, 0x0000000614800000| Untracked 
|  80|0x0000000614c00000, 0x0000000614c00000, 0x0000000615000000|  0%| F|  |TAMS 0x0000000614c00000, 0x0000000614c00000| Untracked 
|  81|0x0000000615000000, 0x0000000615000000, 0x0000000615400000|  0%| F|  |TAMS 0x0000000615000000, 0x0000000615000000| Untracked 
|  82|0x0000000615400000, 0x0000000615400000, 0x0000000615800000|  0%| F|  |TAMS 0x0000000615400000, 0x0000000615400000| Untracked 
|  83|0x0000000615800000, 0x0000000615800000, 0x0000000615c00000|  0%| F|  |TAMS 0x0000000615800000, 0x0000000615800000| Untracked 
|  84|0x0000000615c00000, 0x0000000615c00000, 0x0000000616000000|  0%| F|  |TAMS 0x0000000615c00000, 0x0000000615c00000| Untracked 
|  85|0x0000000616000000, 0x0000000616000000, 0x0000000616400000|  0%| F|  |TAMS 0x0000000616000000, 0x0000000616000000| Untracked 
|  86|0x0000000616400000, 0x0000000616400000, 0x0000000616800000|  0%| F|  |TAMS 0x0000000616400000, 0x0000000616400000| Untracked 
|  87|0x0000000616800000, 0x0000000616800000, 0x0000000616c00000|  0%| F|  |TAMS 0x0000000616800000, 0x0000000616800000| Untracked 
|  88|0x0000000616c00000, 0x0000000616c00000, 0x0000000617000000|  0%| F|  |TAMS 0x0000000616c00000, 0x0000000616c00000| Untracked 
|  89|0x0000000617000000, 0x0000000617000000, 0x0000000617400000|  0%| F|  |TAMS 0x0000000617000000, 0x0000000617000000| Untracked 
|  90|0x0000000617400000, 0x0000000617400000, 0x0000000617800000|  0%| F|  |TAMS 0x0000000617400000, 0x0000000617400000| Untracked 
|  91|0x0000000617800000, 0x0000000617800000, 0x0000000617c00000|  0%| F|  |TAMS 0x0000000617800000, 0x0000000617800000| Untracked 
|  92|0x0000000617c00000, 0x0000000617c00000, 0x0000000618000000|  0%| F|  |TAMS 0x0000000617c00000, 0x0000000617c00000| Untracked 
|  93|0x0000000618000000, 0x0000000618000000, 0x0000000618400000|  0%| F|  |TAMS 0x0000000618000000, 0x0000000618000000| Untracked 
|  94|0x0000000618400000, 0x0000000618400000, 0x0000000618800000|  0%| F|  |TAMS 0x0000000618400000, 0x0000000618400000| Untracked 
|  95|0x0000000618800000, 0x0000000618800000, 0x0000000618c00000|  0%| F|  |TAMS 0x0000000618800000, 0x0000000618800000| Untracked 
|  96|0x0000000618c00000, 0x0000000618c00000, 0x0000000619000000|  0%| F|  |TAMS 0x0000000618c00000, 0x0000000618c00000| Untracked 
|  97|0x0000000619000000, 0x0000000619000000, 0x0000000619400000|  0%| F|  |TAMS 0x0000000619000000, 0x0000000619000000| Untracked 
|  98|0x0000000619400000, 0x0000000619400000, 0x0000000619800000|  0%| F|  |TAMS 0x0000000619400000, 0x0000000619400000| Untracked 
|  99|0x0000000619800000, 0x0000000619800000, 0x0000000619c00000|  0%| F|  |TAMS 0x0000000619800000, 0x0000000619800000| Untracked 
| 100|0x0000000619c00000, 0x0000000619c00000, 0x000000061a000000|  0%| F|  |TAMS 0x0000000619c00000, 0x0000000619c00000| Untracked 
| 101|0x000000061a000000, 0x000000061a000000, 0x000000061a400000|  0%| F|  |TAMS 0x000000061a000000, 0x000000061a000000| Untracked 
| 102|0x000000061a400000, 0x000000061a400000, 0x000000061a800000|  0%| F|  |TAMS 0x000000061a400000, 0x000000061a400000| Untracked 
| 103|0x000000061a800000, 0x000000061a800000, 0x000000061ac00000|  0%| F|  |TAMS 0x000000061a800000, 0x000000061a800000| Untracked 
| 104|0x000000061ac00000, 0x000000061ac00000, 0x000000061b000000|  0%| F|  |TAMS 0x000000061ac00000, 0x000000061ac00000| Untracked 
| 105|0x000000061b000000, 0x000000061b000000, 0x000000061b400000|  0%| F|  |TAMS 0x000000061b000000, 0x000000061b000000| Untracked 
| 106|0x000000061b400000, 0x000000061b400000, 0x000000061b800000|  0%| F|  |TAMS 0x000000061b400000, 0x000000061b400000| Untracked 
| 107|0x000000061b800000, 0x000000061b800000, 0x000000061bc00000|  0%| F|  |TAMS 0x000000061b800000, 0x000000061b800000| Untracked 
| 108|0x000000061bc00000, 0x000000061bc00000, 0x000000061c000000|  0%| F|  |TAMS 0x000000061bc00000, 0x000000061bc00000| Untracked 
| 109|0x000000061c000000, 0x000000061c000000, 0x000000061c400000|  0%| F|  |TAMS 0x000000061c000000, 0x000000061c000000| Untracked 
| 110|0x000000061c400000, 0x000000061c400000, 0x000000061c800000|  0%| F|  |TAMS 0x000000061c400000, 0x000000061c400000| Untracked 
| 111|0x000000061c800000, 0x000000061c800000, 0x000000061cc00000|  0%| F|  |TAMS 0x000000061c800000, 0x000000061c800000| Untracked 
| 112|0x000000061cc00000, 0x000000061cc00000, 0x000000061d000000|  0%| F|  |TAMS 0x000000061cc00000, 0x000000061cc00000| Untracked 
| 113|0x000000061d000000, 0x000000061d000000, 0x000000061d400000|  0%| F|  |TAMS 0x000000061d000000, 0x000000061d000000| Untracked 
| 114|0x000000061d400000, 0x000000061d400000, 0x000000061d800000|  0%| F|  |TAMS 0x000000061d400000, 0x000000061d400000| Untracked 
| 115|0x000000061d800000, 0x000000061d800000, 0x000000061dc00000|  0%| F|  |TAMS 0x000000061d800000, 0x000000061d800000| Untracked 
| 116|0x000000061dc00000, 0x000000061def5ad8, 0x000000061e000000| 73%| S|CS|TAMS 0x000000061dc00000, 0x000000061dc00000| Complete 
| 117|0x000000061e000000, 0x000000061e400000, 0x000000061e400000|100%| S|CS|TAMS 0x000000061e000000, 0x000000061e000000| Complete 
| 118|0x000000061e400000, 0x000000061e400000, 0x000000061e800000|  0%| F|  |TAMS 0x000000061e400000, 0x000000061e400000| Untracked 
| 119|0x000000061e800000, 0x000000061e8a8e50, 0x000000061ec00000| 16%| E|  |TAMS 0x000000061e800000, 0x000000061e800000| Complete 
| 120|0x000000061ec00000, 0x000000061f000000, 0x000000061f000000|100%| E|CS|TAMS 0x000000061ec00000, 0x000000061ec00000| Complete 
| 121|0x000000061f000000, 0x000000061f400000, 0x000000061f400000|100%| E|CS|TAMS 0x000000061f000000, 0x000000061f000000| Complete 
| 122|0x000000061f400000, 0x000000061f800000, 0x000000061f800000|100%| E|  |TAMS 0x000000061f400000, 0x000000061f400000| Complete 
| 123|0x000000061f800000, 0x000000061fc00000, 0x000000061fc00000|100%| E|CS|TAMS 0x000000061f800000, 0x000000061f800000| Complete 
| 124|0x000000061fc00000, 0x0000000620000000, 0x0000000620000000|100%| E|CS|TAMS 0x000000061fc00000, 0x000000061fc00000| Complete 
| 125|0x0000000620000000, 0x0000000620400000, 0x0000000620400000|100%| E|CS|TAMS 0x0000000620000000, 0x0000000620000000| Complete 
| 126|0x0000000620400000, 0x0000000620800000, 0x0000000620800000|100%| E|CS|TAMS 0x0000000620400000, 0x0000000620400000| Complete 
| 127|0x0000000620800000, 0x0000000620c00000, 0x0000000620c00000|100%| E|CS|TAMS 0x0000000620800000, 0x0000000620800000| Complete 

Card table byte_map: [0x0000026bd5970000,0x0000026bd6970000] _byte_map_base: 0x0000026bd296a000

Marking Bits (Prev, Next): (CMBitMap*) 0x0000026bbb9fdb20, (CMBitMap*) 0x0000026bbb9fdb60
 Prev Bits: [0x0000026bd7970000, 0x0000026bdf940000)
 Next Bits: [0x0000026bdf940000, 0x0000026be7910000)

Polling page: 0x0000026bbba30000

Metaspace:

Usage:
  Non-class:      8.91 MB used.
      Class:    988.47 KB used.
       Both:      9.87 MB used.

Virtual space:
  Non-class space:       16.00 MB reserved,       9.00 MB ( 56%) committed,  2 nodes.
      Class space:        1.00 GB reserved,       1.12 MB ( <1%) committed,  1 nodes.
             Both:        1.02 GB reserved,      10.12 MB ( <1%) committed. 

Chunk freelists:
   Non-Class:  2.95 MB
       Class:  2.74 MB
        Both:  5.69 MB

MaxMetaspaceSize: unlimited
CompressedClassSpaceSize: 1.00 GB
Initial GC threshold: 21.00 MB
Current GC threshold: 21.00 MB
CDS: on
MetaspaceReclaimPolicy: balanced
 - commit_granule_bytes: 65536.
 - commit_granule_words: 8192.
 - virtual_space_node_default_size: 1048576.
 - enlarge_chunks_in_place: 1.
 - new_chunks_are_fully_committed: 0.
 - uncommit_free_chunks: 1.
 - use_allocation_guard: 0.
 - handle_deallocations: 1.


Internal statistics:

num_allocs_failed_limit: 0.
num_arena_births: 132.
num_arena_deaths: 0.
num_vsnodes_births: 3.
num_vsnodes_deaths: 0.
num_space_committed: 162.
num_space_uncommitted: 0.
num_chunks_returned_to_freelist: 0.
num_chunks_taken_from_freelist: 197.
num_chunk_merges: 0.
num_chunk_splits: 109.
num_chunks_enlarged: 57.
num_purges: 0.
num_inconsistent_stats: 0.

CodeHeap 'non-profiled nmethods': size=119168Kb used=1350Kb max_used=1350Kb free=117817Kb
 bounds [0x0000026bcc540000, 0x0000026bcc7b0000, 0x0000026bd39a0000]
CodeHeap 'profiled nmethods': size=119104Kb used=5161Kb max_used=5161Kb free=113942Kb
 bounds [0x0000026bc50f0000, 0x0000026bc5600000, 0x0000026bcc540000]
CodeHeap 'non-nmethods': size=7488Kb used=1367Kb max_used=3079Kb free=6120Kb
 bounds [0x0000026bc49a0000, 0x0000026bc4cb0000, 0x0000026bc50f0000]
 total_blobs=3186 nmethods=2553 adapters=546
 compilation: enabled
              stopped_count=0, restarted_count=0
 full_count=0

Compilation events (20 events):
Event: 48.677 Thread 0x0000026bea22c9d0 2546       3       sun.awt.windows.WComponentPeer::updateCursorImmediately (7 bytes)
Event: 48.678 Thread 0x0000026bea22c9d0 nmethod 2546 0x0000026bc55f3390 code [0x0000026bc55f3580, 0x0000026bc55f3af8]
Event: 48.678 Thread 0x0000026bea22c9d0 2544       3       java.awt.event.MouseEvent::getModifiersEx (29 bytes)
Event: 48.678 Thread 0x0000026bea22c9d0 nmethod 2544 0x0000026bc55f3d10 code [0x0000026bc55f3ee0, 0x0000026bc55f42f8]
Event: 48.678 Thread 0x0000026bea22c9d0 2548       3       sun.awt.windows.WToolkit::showOrHideTouchKeyboard (199 bytes)
Event: 48.679 Thread 0x0000026bea22c9d0 nmethod 2548 0x0000026bc55f4490 code [0x0000026bc55f48a0, 0x0000026bc55f6e18]
Event: 48.679 Thread 0x0000026bea22c9d0 2547       3       sun.awt.windows.WComponentPeer::handleJavaMouseEvent (75 bytes)
Event: 48.679 Thread 0x0000026bea22c9d0 nmethod 2547 0x0000026bc55f7890 code [0x0000026bc55f7b40, 0x0000026bc55f8b18]
Event: 48.679 Thread 0x0000026bea22aa40 2549       4       jdk.internal.logger.SimpleConsoleLogger::isLoggable (29 bytes)
Event: 48.679 Thread 0x0000026bea22c9d0 2550       3       java.awt.Component::updateCursorImmediately (55 bytes)
Event: 48.679 Thread 0x0000026bea22c9d0 nmethod 2550 0x0000026bc55f9010 code [0x0000026bc55f9220, 0x0000026bc55f9b38]
Event: 48.680 Thread 0x0000026bea22aa40 nmethod 2549 0x0000026bcc68d690 code [0x0000026bcc68d820, 0x0000026bcc68d938]
Event: 48.680 Thread 0x0000026bea22aa40 2551       4       jdk.internal.logger.AbstractLoggerWrapper::isLoggable (26 bytes)
Event: 48.683 Thread 0x0000026bea22aa40 nmethod 2551 0x0000026bcc68da90 code [0x0000026bcc68dc60, 0x0000026bcc68e610]
Event: 48.694 Thread 0x0000026bea22aa40 2552       4       javax.swing.JComponent::contains (27 bytes)
Event: 48.695 Thread 0x0000026bea22aa40 nmethod 2552 0x0000026bcc68ea10 code [0x0000026bcc68eba0, 0x0000026bcc68edd8]
Event: 49.014 Thread 0x0000026bea22c9d0 2553       3       javax.swing.JComponent::contains (27 bytes)
Event: 49.014 Thread 0x0000026bea22c9d0 nmethod 2553 0x0000026bc55f9d10 code [0x0000026bc55f9ee0, 0x0000026bc55fa578]
Event: 49.114 Thread 0x0000026bea22aa40 2554       4       java.awt.Container::findComponentAtImpl (161 bytes)
Event: 49.124 Thread 0x0000026bea22aa40 nmethod 2554 0x0000026bcc68ef90 code [0x0000026bcc68f180, 0x0000026bcc690388]

GC Heap History (4 events):
Event: 0.414 GC heap before
{Heap before GC invocations=0 (full 0):
 garbage-first heap   total 524288K, used 24576K [0x0000000600c00000, 0x0000000800000000)
  region size 4096K, 6 young (24576K), 0 survivors (0K)
 Metaspace       used 5991K, committed 6208K, reserved 1056768K
  class space    used 600K, committed 704K, reserved 1048576K
}
Event: 0.417 GC heap after
{Heap after GC invocations=1 (full 0):
 garbage-first heap   total 524288K, used 2436K [0x0000000600c00000, 0x0000000800000000)
  region size 4096K, 1 young (4096K), 1 survivors (4096K)
 Metaspace       used 5991K, committed 6208K, reserved 1056768K
  class space    used 600K, committed 704K, reserved 1048576K
}
Event: 21.032 GC heap before
{Heap before GC invocations=1 (full 0):
 garbage-first heap   total 524288K, used 59780K [0x0000000600c00000, 0x0000000800000000)
  region size 4096K, 10 young (40960K), 1 survivors (4096K)
 Metaspace       used 9796K, committed 9984K, reserved 1064960K
  class space    used 965K, committed 1024K, reserved 1048576K
}
Event: 21.035 GC heap after
{Heap after GC invocations=2 (full 0):
 garbage-first heap   total 524288K, used 27606K [0x0000000600c00000, 0x0000000800000000)
  region size 4096K, 2 young (8192K), 2 survivors (8192K)
 Metaspace       used 9796K, committed 9984K, reserved 1064960K
  class space    used 965K, committed 1024K, reserved 1048576K
}

Deoptimization events (20 events):
Event: 39.900 Thread 0x0000026bf0b0fbe0 DEOPT PACKING pc=0x0000026bcc67e5c0 sp=0x000000b8b55fec90
Event: 39.900 Thread 0x0000026bf0b0fbe0 DEOPT UNPACKING pc=0x0000026bc49f23a3 sp=0x000000b8b55fec18 mode 2
Event: 45.383 Thread 0x0000026bf0b0fbe0 DEOPT PACKING pc=0x0000026bc553bff8 sp=0x000000b8b55feba0
Event: 45.383 Thread 0x0000026bf0b0fbe0 DEOPT UNPACKING pc=0x0000026bc49f2b43 sp=0x000000b8b55fe070 mode 0
Event: 48.812 Thread 0x0000026bf0bcf940 Uncommon trap: trap_request=0xffffff45 fr.pc=0x0000026bcc68ecf4 relative=0x0000000000000154
Event: 48.812 Thread 0x0000026bf0bcf940 Uncommon trap: reason=unstable_if action=reinterpret pc=0x0000026bcc68ecf4 method=java.awt.Component.inside(II)Z @ 9 c2
Event: 48.812 Thread 0x0000026bf0bcf940 DEOPT PACKING pc=0x0000026bcc68ecf4 sp=0x000000b8b53feae0
Event: 48.812 Thread 0x0000026bf0bcf940 DEOPT UNPACKING pc=0x0000026bc49f23a3 sp=0x000000b8b53fe9a8 mode 2
Event: 49.667 Thread 0x0000026bf0b0fbe0 DEOPT PACKING pc=0x0000026bc5427e2c sp=0x000000b8b55feb40
Event: 49.667 Thread 0x0000026bf0b0fbe0 DEOPT UNPACKING pc=0x0000026bc49f2b43 sp=0x000000b8b55fe070 mode 1
Event: 49.667 Thread 0x0000026bf0b0fbe0 DEOPT PACKING pc=0x0000026bc5422c2c sp=0x000000b8b55fec80
Event: 49.667 Thread 0x0000026bf0b0fbe0 DEOPT UNPACKING pc=0x0000026bc49f2b43 sp=0x000000b8b55fe140 mode 1
Event: 49.667 Thread 0x0000026bf0b0fbe0 DEOPT PACKING pc=0x0000026bc543a64c sp=0x000000b8b55fed20
Event: 49.667 Thread 0x0000026bf0b0fbe0 DEOPT UNPACKING pc=0x0000026bc49f2b43 sp=0x000000b8b55fe2c0 mode 1
Event: 49.667 Thread 0x0000026bf0b0fbe0 DEOPT PACKING pc=0x0000026bc5436214 sp=0x000000b8b55fef20
Event: 49.667 Thread 0x0000026bf0b0fbe0 DEOPT UNPACKING pc=0x0000026bc49f2b43 sp=0x000000b8b55fe420 mode 1
Event: 49.667 Thread 0x0000026bf0b0fbe0 DEOPT PACKING pc=0x0000026bcc624f50 sp=0x000000b8b55ff010
Event: 49.667 Thread 0x0000026bf0b0fbe0 DEOPT UNPACKING pc=0x0000026bc49f2b43 sp=0x000000b8b55fe4c8 mode 1
Event: 49.667 Thread 0x0000026bf0b0fbe0 DEOPT PACKING pc=0x0000026bcc5d04e4 sp=0x000000b8b55ff0e0
Event: 49.667 Thread 0x0000026bf0b0fbe0 DEOPT UNPACKING pc=0x0000026bc49f2b43 sp=0x000000b8b55fe5b0 mode 1

Classes unloaded (0 events):
No events

Classes redefined (0 events):
No events

Internal exceptions (16 events):
Event: 0.113 Thread 0x0000026bbb951a70 Exception <a 'java/lang/ClassNotFoundException'{0x00000006209b5bd8}: sun/awt/resources/spi/awtProvider> (0x00000006209b5bd8) 
thrown [s\open\src\hotspot\share\classfile\systemDictionary.cpp, line 256]
Event: 0.128 Thread 0x0000026bbb951a70 Exception <a 'java/io/FileNotFoundException'{0x0000000620b7f660}> (0x0000000620b7f660) 
thrown [s\open\src\hotspot\share\prims\jni.cpp, line 516]
Event: 0.132 Thread 0x0000026bbb951a70 Exception <a 'java/io/FileNotFoundException'{0x0000000620bac588}> (0x0000000620bac588) 
thrown [s\open\src\hotspot\share\prims\jni.cpp, line 516]
Event: 0.153 Thread 0x0000026bbb951a70 Exception <a 'java/lang/NoSuchMethodError'{0x0000000620bec950}: 'java.lang.Object java.lang.invoke.DirectMethodHandle$Holder.invokeStaticInit(java.lang.Object)'> (0x0000000620bec950) 
thrown [s\open\src\hotspot\share\interpreter\linkResolver.cpp, line 759]
Event: 0.210 Thread 0x0000026bbb951a70 Exception <a 'java/lang/NoSuchMethodError'{0x00000006204b3180}: 'void java.lang.invoke.DirectMethodHandle$Holder.invokeSpecial(java.lang.Object, java.lang.Object, java.lang.Object)'> (0x00000006204b3180) 
thrown [s\open\src\hotspot\share\interpreter\linkResolver.cpp, line 759]
Event: 0.215 Thread 0x0000026bbb951a70 Exception <a 'java/lang/NoSuchMethodError'{0x00000006204dd140}: 'java.lang.Object java.lang.invoke.DirectMethodHandle$Holder.newInvokeSpecial(java.lang.Object, java.lang.Object, java.lang.Object, java.lang.Object, java.lang.Object)'> (0x00000006204dd140) 
thrown [s\open\src\hotspot\share\interpreter\linkResolver.cpp, line 759]
Event: 0.216 Thread 0x0000026bbb951a70 Exception <a 'java/lang/NoSuchMethodError'{0x00000006204e8b08}: 'java.lang.Object java.lang.invoke.DirectMethodHandle$Holder.invokeStatic(java.lang.Object, int, java.lang.Object, java.lang.Object, java.lang.Object, java.lang.Object)'> (0x00000006204e8b08) 
thrown [s\open\src\hotspot\share\interpreter\linkResolver.cpp, line 759]
Event: 0.218 Thread 0x0000026bbb951a70 Exception <a 'java/lang/NoSuchMethodError'{0x000000062050e528}: 'java.lang.Object java.lang.invoke.DirectMethodHandle$Holder.invokeStatic(java.lang.Object, int, java.lang.Object)'> (0x000000062050e528) 
thrown [s\open\src\hotspot\share\interpreter\linkResolver.cpp, line 759]
Event: 0.232 Thread 0x0000026bbb951a70 Exception <a 'java/lang/ClassNotFoundException'{0x00000006205c5ff0}: com/sun/swing/internal/plaf/metal/resources/spi/metalProvider> (0x00000006205c5ff0) 
thrown [s\open\src\hotspot\share\classfile\systemDictionary.cpp, line 256]
Event: 0.232 Thread 0x0000026bbb951a70 Exception <a 'java/lang/ClassNotFoundException'{0x00000006205c9bd0}: com/sun/swing/internal/plaf/basic/resources/spi/basicProvider> (0x00000006205c9bd0) 
thrown [s\open\src\hotspot\share\classfile\systemDictionary.cpp, line 256]
Event: 0.256 Thread 0x0000026bbb951a70 Exception <a 'java/lang/NoSuchMethodError'{0x0000000620663fe8}: 'java.lang.Object java.lang.invoke.DirectMethodHandle$Holder.invokeStaticInit(java.lang.Object, int, int, int, int)'> (0x0000000620663fe8) 
thrown [s\open\src\hotspot\share\interpreter\linkResolver.cpp, line 759]
Event: 0.301 Thread 0x0000026bbb951a70 Exception <a 'java/lang/NoSuchMethodError'{0x0000000620703958}: 'java.lang.Object java.lang.invoke.DirectMethodHandle$Holder.invokeStaticInit(java.lang.Object, java.lang.Object, int, int, int, int)'> (0x0000000620703958) 
thrown [s\open\src\hotspot\share\interpreter\linkResolver.cpp, line 759]
Event: 0.498 Thread 0x0000026bebcaa890 Exception <a 'java/lang/NoSuchMethodError'{0x00000006200b72b0}: 'void java.lang.invoke.DirectMethodHandle$Holder.invokeVirtual(java.lang.Object, java.lang.Object)'> (0x00000006200b72b0) 
thrown [s\open\src\hotspot\share\interpreter\linkResolver.cpp, line 759]
Event: 0.502 Thread 0x0000026bbb951a70 Exception <a 'java/lang/NoSuchMethodError'{0x000000062008b828}: 'void java.lang.invoke.DirectMethodHandle$Holder.invokeStaticInit(java.lang.Object)'> (0x000000062008b828) 
thrown [s\open\src\hotspot\share\interpreter\linkResolver.cpp, line 759]
Event: 21.035 Thread 0x0000026bf0b0fbe0 Implicit null exception at 0x0000026bcc5bdef2 to 0x0000026bcc5be5e0
Event: 21.038 Thread 0x0000026bf0b0fbe0 Implicit null exception at 0x0000026bcc61e78e to 0x0000026bcc61ff70

VM Operations (20 events):
Event: 36.023 Executing VM operation: Cleanup
Event: 36.023 Executing VM operation: Cleanup done
Event: 39.045 Executing VM operation: Cleanup
Event: 39.045 Executing VM operation: Cleanup done
Event: 40.045 Executing VM operation: Cleanup
Event: 40.045 Executing VM operation: Cleanup done
Event: 42.063 Executing VM operation: Cleanup
Event: 42.064 Executing VM operation: Cleanup done
Event: 43.065 Executing VM operation: Cleanup
Event: 43.081 Executing VM operation: Cleanup done
Event: 45.094 Executing VM operation: Cleanup
Event: 45.094 Executing VM operation: Cleanup done
Event: 46.105 Executing VM operation: Cleanup
Event: 46.105 Executing VM operation: Cleanup done
Event: 47.110 Executing VM operation: Cleanup
Event: 47.110 Executing VM operation: Cleanup done
Event: 48.123 Executing VM operation: Cleanup
Event: 48.124 Executing VM operation: Cleanup done
Event: 49.129 Executing VM operation: Cleanup
Event: 49.129 Executing VM operation: Cleanup done

Events (20 events):
Event: 41.352 Thread 0x0000026bec2b1790 Thread added: 0x0000026bec2b1790
Event: 42.232 Thread 0x0000026bec2b3470 Thread added: 0x0000026bec2b3470
Event: 48.418 loading class java/awt/event/MouseEvent$1
Event: 48.419 loading class sun/awt/AWTAccessor$MouseEventAccessor
Event: 48.419 loading class sun/awt/AWTAccessor$MouseEventAccessor done
Event: 48.419 loading class java/awt/event/MouseEvent$1 done
Event: 48.419 loading class java/awt/Cursor$CursorDisposer
Event: 48.419 loading class java/awt/Cursor$CursorDisposer done
Event: 48.420 loading class java/awt/event/MouseWheelEvent
Event: 48.420 loading class java/awt/event/MouseWheelEvent done
Event: 49.652 Thread 0x0000026bec2b3940 Thread added: 0x0000026bec2b3940
Event: 49.652 Thread 0x0000026bec2b3e10 Thread added: 0x0000026bec2b3e10
Event: 49.652 Thread 0x0000026bec2b0920 Thread added: 0x0000026bec2b0920
Event: 49.653 Thread 0x0000026bec2b3940 Thread exited: 0x0000026bec2b3940
Event: 49.653 loading class java/util/WeakHashMap$KeyIterator
Event: 49.653 loading class java/util/WeakHashMap$HashIterator
Event: 49.653 Thread 0x0000026bf0e041e0 Thread exited: 0x0000026bf0e041e0
Event: 49.653 loading class java/util/WeakHashMap$HashIterator done
Event: 49.653 loading class java/util/WeakHashMap$KeyIterator done
Event: 49.653 Thread 0x0000026bec2b0920 Thread exited: 0x0000026bec2b0920


Dynamic libraries:
0x00007ff702830000 - 0x00007ff702840000 	C:\Program Files\Java\jdk-17.0.5\bin\java.exe
0x00007ff8c53d0000 - 0x00007ff8c55c8000 	C:\WINDOWS\SYSTEM32\ntdll.dll
0x00007ff8c4f70000 - 0x00007ff8c502f000 	C:\WINDOWS\System32\KERNEL32.DLL
0x00007ff8c2c10000 - 0x00007ff8c2f06000 	C:\WINDOWS\System32\KERNELBASE.dll
0x00007ff8c3260000 - 0x00007ff8c3360000 	C:\WINDOWS\System32\ucrtbase.dll
0x00007ff8bab20000 - 0x00007ff8bab3a000 	C:\Program Files\Java\jdk-17.0.5\bin\VCRUNTIME140.dll
0x00007ff8bab00000 - 0x00007ff8bab18000 	C:\Program Files\Java\jdk-17.0.5\bin\jli.dll
0x00007ff8c52e0000 - 0x00007ff8c538f000 	C:\WINDOWS\System32\ADVAPI32.dll
0x00007ff8c4040000 - 0x00007ff8c40de000 	C:\WINDOWS\System32\msvcrt.dll
0x00007ff8c4e40000 - 0x00007ff8c4edc000 	C:\WINDOWS\System32\sechost.dll
0x00007ff8c3f10000 - 0x00007ff8c4036000 	C:\WINDOWS\System32\RPCRT4.dll
0x00007ff8c3b60000 - 0x00007ff8c3cfd000 	C:\WINDOWS\System32\USER32.dll
0x00007ff8c31e0000 - 0x00007ff8c3202000 	C:\WINDOWS\System32\win32u.dll
0x00007ff8a73b0000 - 0x00007ff8a764a000 	C:\WINDOWS\WinSxS\amd64_microsoft.windows.common-controls_6595b64144ccf1df_6.0.19041.1110_none_60b5254171f9507e\COMCTL32.dll
0x00007ff8c3430000 - 0x00007ff8c345c000 	C:\WINDOWS\System32\GDI32.dll
0x00007ff8c30c0000 - 0x00007ff8c31d5000 	C:\WINDOWS\System32\gdi32full.dll
0x00007ff8c3390000 - 0x00007ff8c342d000 	C:\WINDOWS\System32\msvcp_win.dll
0x00007ff8bd9e0000 - 0x00007ff8bd9ea000 	C:\WINDOWS\SYSTEM32\VERSION.dll
0x00007ff8c3ed0000 - 0x00007ff8c3f00000 	C:\WINDOWS\System32\IMM32.DLL
0x00007ff8baa80000 - 0x00007ff8baa8c000 	C:\Program Files\Java\jdk-17.0.5\bin\vcruntime140_1.dll
0x00007ff8962a0000 - 0x00007ff89632d000 	C:\Program Files\Java\jdk-17.0.5\bin\msvcp140.dll
0x00007ff85a6a0000 - 0x00007ff85b262000 	C:\Program Files\Java\jdk-17.0.5\bin\server\jvm.dll
0x00007ff8c3f00000 - 0x00007ff8c3f08000 	C:\WINDOWS\System32\PSAPI.DLL
0x00007ff8bdee0000 - 0x00007ff8bdee9000 	C:\WINDOWS\SYSTEM32\WSOCK32.dll
0x00007ff8c5140000 - 0x00007ff8c51ab000 	C:\WINDOWS\System32\WS2_32.dll
0x00007ff8b6a40000 - 0x00007ff8b6a67000 	C:\WINDOWS\SYSTEM32\WINMM.dll
0x00007ff8c1310000 - 0x00007ff8c1322000 	C:\WINDOWS\SYSTEM32\kernel.appcore.dll
0x00007ff8baa70000 - 0x00007ff8baa7a000 	C:\Program Files\Java\jdk-17.0.5\bin\jimage.dll
0x00007ff8c0690000 - 0x00007ff8c0874000 	C:\WINDOWS\SYSTEM32\DBGHELP.DLL
0x00007ff8afe30000 - 0x00007ff8afe64000 	C:\WINDOWS\SYSTEM32\dbgcore.DLL
0x00007ff8c2f10000 - 0x00007ff8c2f92000 	C:\WINDOWS\System32\bcryptPrimitives.dll
0x00007ff89f990000 - 0x00007ff89f9cb000 	C:\Program Files\Java\jdk-17.0.5\bin\jdwp.dll
0x00007ff8b0390000 - 0x00007ff8b03b5000 	C:\Program Files\Java\jdk-17.0.5\bin\java.dll
0x00007ff88fac0000 - 0x00007ff88fb96000 	C:\Program Files\Java\jdk-17.0.5\bin\jsvml.dll
0x00007ff8c46f0000 - 0x00007ff8c4e34000 	C:\WINDOWS\System32\SHELL32.dll
0x00007ff8c0b60000 - 0x00007ff8c12f4000 	C:\WINDOWS\SYSTEM32\windows.storage.dll
0x00007ff8c42b0000 - 0x00007ff8c4604000 	C:\WINDOWS\System32\combase.dll
0x00007ff8c24f0000 - 0x00007ff8c251e000 	C:\WINDOWS\SYSTEM32\Wldp.dll
0x00007ff8c4200000 - 0x00007ff8c42ad000 	C:\WINDOWS\System32\SHCORE.dll
0x00007ff8c4ee0000 - 0x00007ff8c4f35000 	C:\WINDOWS\System32\shlwapi.dll
0x00007ff8c29e0000 - 0x00007ff8c2a05000 	C:\WINDOWS\SYSTEM32\profapi.dll
0x00007ff8b33d0000 - 0x00007ff8b33dc000 	C:\Program Files\Java\jdk-17.0.5\bin\dt_socket.dll
0x00007ff8c1ef0000 - 0x00007ff8c1f2c000 	C:\WINDOWS\SYSTEM32\IPHLPAPI.DLL
0x00007ff8c2250000 - 0x00007ff8c22ba000 	C:\WINDOWS\system32\mswsock.dll
0x00007ff8c1f30000 - 0x00007ff8c1ffa000 	C:\WINDOWS\SYSTEM32\DNSAPI.dll
0x00007ff8c4610000 - 0x00007ff8c4618000 	C:\WINDOWS\System32\NSI.dll
0x00007ff8b9a30000 - 0x00007ff8b9a3a000 	C:\Windows\System32\rasadhlp.dll
0x00007ff8b9c20000 - 0x00007ff8b9ca2000 	C:\WINDOWS\System32\fwpuclnt.dll
0x00007ff8c3360000 - 0x00007ff8c3387000 	C:\WINDOWS\System32\bcrypt.dll
0x00007ff889870000 - 0x00007ff8899ff000 	C:\Program Files\Java\jdk-17.0.5\bin\awt.dll
0x00007ff8c4620000 - 0x00007ff8c46ed000 	C:\WINDOWS\System32\OLEAUT32.dll
0x00007ff8bfe70000 - 0x00007ff8bff01000 	C:\WINDOWS\SYSTEM32\apphelp.dll
0x00007ff8c0360000 - 0x00007ff8c038f000 	C:\WINDOWS\system32\DWMAPI.DLL
0x00007ff8bff80000 - 0x00007ff8c001e000 	C:\WINDOWS\system32\uxtheme.dll
0x00007ff864a00000 - 0x00007ff864b25000 	C:\WINDOWS\system32\opengl32.dll
0x00007ff864930000 - 0x00007ff86495c000 	C:\WINDOWS\SYSTEM32\GLU32.dll
0x00007ff8c40e0000 - 0x00007ff8c41f4000 	C:\WINDOWS\System32\MSCTF.dll
0x00007ff8c51b0000 - 0x00007ff8c52da000 	C:\WINDOWS\System32\ole32.dll
0x00007ff8c3210000 - 0x00007ff8c325e000 	C:\WINDOWS\System32\cfgmgr32.dll
0x00007ff8c2060000 - 0x00007ff8c20ab000 	C:\WINDOWS\SYSTEM32\POWRPROF.dll
0x00007ff8c1ed0000 - 0x00007ff8c1ee2000 	C:\WINDOWS\SYSTEM32\UMPDC.dll
0x00007ff8b79e0000 - 0x00007ff8b7a1b000 	C:\WINDOWS\SYSTEM32\dxcore.dll
0x00007ff8c2440000 - 0x00007ff8c2458000 	C:\WINDOWS\SYSTEM32\CRYPTSP.dll
0x00007ff8c1b00000 - 0x00007ff8c1b34000 	C:\WINDOWS\system32\rsaenh.dll
0x00007ff8c29a0000 - 0x00007ff8c29ce000 	C:\WINDOWS\SYSTEM32\USERENV.dll
0x00007ff8c2460000 - 0x00007ff8c246c000 	C:\WINDOWS\SYSTEM32\CRYPTBASE.dll
0x00007ff8a2ba0000 - 0x00007ff8a2bb9000 	C:\Program Files\Java\jdk-17.0.5\bin\net.dll
0x00007ff8ba3c0000 - 0x00007ff8ba4ca000 	C:\WINDOWS\SYSTEM32\WINHTTP.dll
0x00007ff8bbd60000 - 0x00007ff8bbd77000 	C:\WINDOWS\SYSTEM32\dhcpcsvc6.DLL
0x00007ff8bbd40000 - 0x00007ff8bbd5d000 	C:\WINDOWS\SYSTEM32\dhcpcsvc.DLL
0x00007ff89fa70000 - 0x00007ff89fa86000 	C:\Program Files\Java\jdk-17.0.5\bin\nio.dll
0x00007ff89c2e0000 - 0x00007ff89c2f8000 	C:\Program Files\Java\jdk-17.0.5\bin\zip.dll
0x00007ff896210000 - 0x00007ff896296000 	C:\Program Files\Java\jdk-17.0.5\bin\freetype.dll
0x00007ff8892c0000 - 0x00007ff889385000 	C:\Program Files\Java\jdk-17.0.5\bin\fontmanager.dll
0x00007ff8b01d0000 - 0x00007ff8b02c9000 	C:\WINDOWS\SYSTEM32\textinputframework.dll
0x00007ff8bf8d0000 - 0x00007ff8bfc2e000 	C:\WINDOWS\System32\CoreUIComponents.dll
0x00007ff8bfc30000 - 0x00007ff8bfd22000 	C:\WINDOWS\System32\CoreMessaging.dll
0x00007ff8c1c20000 - 0x00007ff8c1c53000 	C:\WINDOWS\SYSTEM32\ntmarta.dll
0x00007ff8bf200000 - 0x00007ff8bf354000 	C:\WINDOWS\SYSTEM32\wintypes.dll
0x00007ff89b8c0000 - 0x00007ff89b8d1000 	C:\Program Files\Java\jdk-17.0.5\bin\jsound.dll
0x00007ff88b9e0000 - 0x00007ff88ba7c000 	C:\WINDOWS\SYSTEM32\DSOUND.dll
0x00007ff8b2240000 - 0x00007ff8b2266000 	C:\WINDOWS\SYSTEM32\winmmbase.dll
0x00007ff8c5030000 - 0x00007ff8c50d9000 	C:\WINDOWS\System32\clbcatq.dll
0x00007ff8bccf0000 - 0x00007ff8bcd75000 	C:\WINDOWS\System32\MMDevApi.dll
0x00007ff8c2840000 - 0x00007ff8c2873000 	C:\WINDOWS\System32\DEVOBJ.dll
0x00007ff8beb60000 - 0x00007ff8beba6000 	C:\WINDOWS\SYSTEM32\wdmaud.drv
0x00007ff8bd0f0000 - 0x00007ff8bd0f9000 	C:\WINDOWS\SYSTEM32\ksuser.dll
0x00007ff8bc7c0000 - 0x00007ff8bc7ca000 	C:\WINDOWS\SYSTEM32\AVRT.dll
0x00007ff8bce10000 - 0x00007ff8bcf92000 	C:\WINDOWS\SYSTEM32\AUDIOSES.DLL
0x00007ff8bda60000 - 0x00007ff8bda6d000 	C:\WINDOWS\SYSTEM32\msacm32.drv
0x00007ff8a8c30000 - 0x00007ff8a8c4e000 	C:\WINDOWS\SYSTEM32\MSACM32.dll
0x00007ff8b41e0000 - 0x00007ff8b41eb000 	C:\WINDOWS\SYSTEM32\midimap.dll
0x00007ff8c0150000 - 0x00007ff8c0164000 	C:\WINDOWS\SYSTEM32\resourcepolicyclient.dll
0x00007ff8a03e0000 - 0x00007ff8a0521000 	C:\Windows\System32\Windows.UI.dll
0x00007ff8afe70000 - 0x00007ff8affc2000 	C:\Windows\System32\InputHost.dll
0x00007ff8ba850000 - 0x00007ff8ba8f1000 	C:\Windows\System32\WindowManagementAPI.dll
0x00007ff8bdb90000 - 0x00007ff8bdc86000 	C:\Windows\System32\PROPSYS.dll
0x00007ff8bbe10000 - 0x00007ff8bc017000 	C:\WINDOWS\SYSTEM32\twinapi.appcore.dll

dbghelp: loaded successfully - version: 4.0.5 - missing functions: none
symbol engine: initialized successfully - sym options: 0x614 - pdb path: .;C:\Program Files\Java\jdk-17.0.5\bin;C:\WINDOWS\SYSTEM32;C:\WINDOWS\WinSxS\amd64_microsoft.windows.common-controls_6595b64144ccf1df_6.0.19041.1110_none_60b5254171f9507e;C:\Program Files\Java\jdk-17.0.5\bin\server;C:\WINDOWS\System32\DriverStore\FileRepository\u0390451.inf_amd64_39377efdd62734d1\B390182

VM Arguments:
jvm_args: -agentlib:jdwp=transport=dt_socket,server=n,suspend=y,address=localhost:58365 -XX:+ShowCodeDetailsInExceptionMessages 
java_command: main.Main
java_class_path (initial): D:\GitHub\Java Projects\2DJava\bin
Launcher Type: SUN_STANDARD

[Global flags]
     intx CICompilerCount                          = 12                                        {product} {ergonomic}
     uint ConcGCThreads                            = 3                                         {product} {ergonomic}
     uint G1ConcRefinementThreads                  = 13                                        {product} {ergonomic}
   size_t G1HeapRegionSize                         = 4194304                                   {product} {ergonomic}
    uintx GCDrainStackTargetSize                   = 64                                        {product} {ergonomic}
   size_t InitialHeapSize                          = 536870912                                 {product} {ergonomic}
   size_t MarkStackSize                            = 4194304                                   {product} {ergonomic}
   size_t MaxHeapSize                              = 8577351680                                {product} {ergonomic}
   size_t MaxNewSize                               = 5146411008                                {product} {ergonomic}
   size_t MinHeapDeltaBytes                        = 4194304                                   {product} {ergonomic}
   size_t MinHeapSize                              = 8388608                                   {product} {ergonomic}
    uintx NonNMethodCodeHeapSize                   = 7602480                                {pd product} {ergonomic}
    uintx NonProfiledCodeHeapSize                  = 122027880                              {pd product} {ergonomic}
    uintx ProfiledCodeHeapSize                     = 122027880                              {pd product} {ergonomic}
    uintx ReservedCodeCacheSize                    = 251658240                              {pd product} {ergonomic}
     bool SegmentedCodeCache                       = true                                      {product} {ergonomic}
     bool ShowCodeDetailsInExceptionMessages       = true                                   {manageable} {command line}
   size_t SoftMaxHeapSize                          = 8577351680                             {manageable} {ergonomic}
     bool UseCompressedClassPointers               = true                           {product lp64_product} {ergonomic}
     bool UseCompressedOops                        = true                           {product lp64_product} {ergonomic}
     bool UseG1GC                                  = true                                      {product} {ergonomic}
     bool UseLargePagesIndividualAllocation        = false                                  {pd product} {ergonomic}

Logging:
Log output configuration:
 #0: stdout all=warning uptime,level,tags
 #1: stderr all=off uptime,level,tags

Environment Variables:
PATH=C:\Program Files\Microsoft\jdk-11.0.16.101-hotspot\bin;C:\Program Files\Common Files\Oracle\Java\javapath;C:\Program Files (x86)\Razer\ChromaBroadcast\bin;C:\Program Files\Razer\ChromaBroadcast\bin;C:\Program Files (x86)\Common Files\Intel\Shared Libraries\redist\intel64\compiler;C:\Program Files (x86)\Common Files\Oracle\Java\javapath;C:\WINDOWS\system32;C:\WINDOWS;C:\WINDOWS\System32\Wbem;C:\WINDOWS\System32\WindowsPowerShell\v1.0\;C:\WINDOWS\System32\OpenSSH\;C:\Program Files\Microsoft SQL Server\Client SDK\ODBC\170\Tools\Binn\;C:\Program Files (x86)\Microsoft SQL Server\150\Tools\Binn\;C:\Program Files\Microsoft SQL Server\150\Tools\Binn\;C:\Program Files\Microsoft SQL Server\150\DTS\Binn\;C:\Program Files\Azure Data Studio\bin;C:\Program Files\WorldPainter;C:\Users\adamr\AppData\Local\Microsoft\WindowsApps;C:\Users\adamr\AppData\Local\gitkraken\bin;C:\Users\adamr\AppData\Local\Programs\Microsoft VS Code\bin;C:\Users\adamr\.dotnet\tools;C:\Program Files (x86)\Microsoft SQL Server\150\DTS\Binn\;C:\Program Files\dotnet\;C:\Users\adamr\AppData\Local\Microsoft\WindowsApps;C:\Users\adamr\AppData\Local\gitkraken\bin;C:\Users\adamr\AppData\Local\Programs\Microsoft VS Code\bin;C:\Program Files\Azure Data Studio\bin;C:\Users\adamr\.dotnet\tools
USERNAME=adamr
LANG=en_GB.UTF-8
OS=Windows_NT
PROCESSOR_IDENTIFIER=AMD64 Family 23 Model 113 Stepping 0, AuthenticAMD



---------------  S Y S T E M  ---------------

OS:
 Windows 10 , 64 bit Build 19041 (10.0.19041.3155)
OS uptime: 5 days 4:12 hours

CPU: total 16 (initial active 16) (16 cores per cpu, 2 threads per core) family 23 model 113 stepping 0 microcode 0x0, cx8, cmov, fxsr, ht, mmx, 3dnowpref, sse, sse2, sse3, ssse3, sse4a, sse4.1, sse4.2, popcnt, lzcnt, tsc, tscinvbit, avx, avx2, aes, clmul, bmi1, bmi2, adx, sha, fma, vzeroupper, clflush, clflushopt

Memory: 4k page, system-wide physical 32716M (18176M free)
TotalPageFile size 37580M (AvailPageFile size 15973M)
current process WorkingSet (physical memory assigned to process): 156M, peak: 192M
current process commit charge ("private bytes"): 678M, peak: 716M

vm_info: Java HotSpot(TM) 64-Bit Server VM (17.0.5+9-LTS-191) for windows-amd64 JRE (17.0.5+9-LTS-191), built on Sep 13 2022 17:31:43 by "mach5one" with MS VC++ 16.8 / 16.9 (VS2019)

END.
